Arguments: 
  /usr/local/bin/node /usr/local/bin/yarn add @nivo/pie

PATH: 
  /opt/local/bin:/opt/local/sbin:/opt/homebrew/bin:/opt/homebrew/sbin:/usr/local/bin:/usr/bin:/bin:/usr/sbin:/sbin:/Library/Apple/usr/bin:/Users/zacsimunovic/anaconda3/bin:/Users/zacsimunovic/anaconda3/condabin:/opt/local/bin:/opt/local/sbin:/opt/homebrew/bin:/opt/homebrew/sbin

Yarn version: 
  1.22.19

Node version: 
  18.14.0

Platform: 
  darwin arm64

Trace: 
  Error: EACCES: permission denied, mkdir '/Users/zacsimunovic/Desktop/3900/capstone-project-3900h18aavengers/node_modules/d3-array'

npm manifest: 
  {
    "dependencies": {
      "jwt-decode": "^3.1.2"
    }
  }

yarn manifest: 
  No manifest

Lockfile: 
  No lockfile
